<?xml version="1.0" encoding="UTF-8"?>
<!-- Generated by org.testng.reporters.JUnitXMLReporter -->
<testsuite ignored="4" hostname="LAPTOP-RP61NQ22" failures="0" tests="9" name="Test-3" time="9.527" errors="0" timestamp="2023-09-20T17:37:09 IST">
  <testcase classname="com.TestNg.DemoTest" name="demo1" time="0.002"/>
  <testcase classname="com.TestNg.DemoTest" name="demo2" time="0.002"/>
  <testcase classname="com.TestNg.DemoTest" name="demo3" time="0.005"/>
  <testcase classname="com.TestNg.ExampleTest" name="example1" time="0.001"/>
  <testcase classname="com.TestNg.ExampleTest" name="example2" time="0.001"/>
  <testcase classname="com.TestNg.ExampleTest" name="example3" time="0.001"/>
  <testcase classname="com.TestNg.SampleTest" name="sample1" time="0.001"/>
  <testcase classname="com.TestNg.SampleTest" name="sample2" time="0.001"/>
  <testcase classname="com.TestNg.SampleTest" name="sample3" time="0.001"/>
  <testcase classname="com.Essan_Rad.GenericUtils.BaseClass" name="@BeforeSuite configureBeforeSuite" time="0.0">
    <ignored/>
  </testcase> <!-- @BeforeSuite configureBeforeSuite -->
  <testcase classname="com.Essan_Rad.GenericUtils.BaseClass" name="@AfterSuite configureAfterSuite" time="0.0">
    <ignored/>
  </testcase> <!-- @AfterSuite configureAfterSuite -->
  <testcase classname="com.Essan_Rad.GenericUtils.BaseClass" name="@BeforeSuite configureBeforeSuite" time="0.0">
    <ignored/>
  </testcase> <!-- @BeforeSuite configureBeforeSuite -->
  <testcase classname="com.Essan_Rad.GenericUtils.BaseClass" name="@AfterSuite configureAfterSuite" time="0.0">
    <ignored/>
  </testcase> <!-- @AfterSuite configureAfterSuite -->
</testsuite> <!-- Test-3 -->
