<?xml version="1.0" encoding="UTF-8"?>
<!-- Generated by org.testng.reporters.JUnitReportReporter -->
<testsuite hostname="LAPTOP-RP61NQ22" failures="0" tests="1" name="com.practice.ExecuteFromCmdTest" time="0.009" errors="0" timestamp="2023-09-06T13:23:22 IST" skipped="0">
  <testcase classname="com.practice.ExecuteFromCmdTest" name="cmdTes" time="0.009"/>
  <system-out/>
</testsuite> <!-- com.practice.ExecuteFromCmdTest -->
