<?xml version="1.0" encoding="UTF-8"?>
<!-- Generated by org.testng.reporters.JUnitReportReporter -->
<testsuite hostname="LAPTOP-RP61NQ22" failures="0" tests="6" name="com.TestNg.AnnotationsTest" time="0.013" errors="0" timestamp="2023-09-15T16:06:40 IST" skipped="0">
  <testcase classname="com.TestNg.AnnotationsTest" name="executeScript2" time="0.002"/>
  <system-out/>
  <testcase classname="com.TestNg.AnnotationsTest" name="executeScript4" time="0.005"/>
  <system-out/>
  <testcase classname="com.TestNg.AnnotationsTest" name="executeScript6" time="0.003"/>
  <system-out/>
  <testcase classname="com.TestNg.AnnotationsTest" name="executeScript6" time="0.001"/>
  <system-out/>
  <testcase classname="com.TestNg.AnnotationsTest" name="executeScript1" time="0.001"/>
  <system-out/>
  <testcase classname="com.TestNg.AnnotationsTest" name="executeScript3" time="0.001"/>
  <system-out/>
</testsuite> <!-- com.TestNg.AnnotationsTest -->
