<?xml version="1.0" encoding="UTF-8"?>
<!-- Generated by org.testng.reporters.JUnitReportReporter -->
<testsuite hostname="LAPTOP-RP61NQ22" failures="0" tests="1" name="com.practice.ReadDataFromCmdTest" time="0.013" errors="0" timestamp="2023-09-06T13:23:56 IST" skipped="0">
  <testcase classname="com.practice.ReadDataFromCmdTest" name="cmdRead" time="0.013"/>
  <system-out/>
</testsuite> <!-- com.practice.ReadDataFromCmdTest -->
