<?xml version="1.0" encoding="UTF-8"?>
<!-- Generated by org.testng.reporters.JUnitReportReporter -->
<testsuite hostname="LAPTOP-RP61NQ22" failures="0" tests="4" name="com.TestNg.ExecutionOrderTest" time="0.022" errors="0" timestamp="2023-09-27T11:17:14 IST" skipped="0">
  <testcase classname="com.TestNg.ExecutionOrderTest" name="test1" time="0.012"/>
  <system-out/>
  <testcase classname="com.TestNg.ExecutionOrderTest" name="test2" time="0.002"/>
  <system-out/>
  <testcase classname="com.TestNg.ExecutionOrderTest" name="test2" time="0.006"/>
  <system-out/>
  <testcase classname="com.TestNg.ExecutionOrderTest" name="test1" time="0.002"/>
  <system-out/>
</testsuite> <!-- com.TestNg.ExecutionOrderTest -->
