<?xml version="1.0" encoding="UTF-8"?>
<!-- Generated by org.testng.reporters.JUnitReportReporter -->
<testsuite hostname="LAPTOP-RP61NQ22" failures="0" tests="1" name="com.Order_Module.UserMyOrdersCheckPomTest" time="17.659" errors="0" timestamp="2023-09-21T13:17:44 IST" skipped="0">
  <testcase classname="com.Order_Module.UserMyOrdersCheckPomTest" name="UserMyOrdersCheck" time="17.659"/>
  <system-out>
    <![CDATA[UserMyOrdersCheck----- Execution starts
UserMyOrdersCheck----- Passed]]>
  </system-out>
</testsuite> <!-- com.Order_Module.UserMyOrdersCheckPomTest -->
