<?xml version="1.0" encoding="UTF-8"?>
<!-- Generated by org.testng.reporters.JUnitReportReporter -->
<testsuite hostname="LAPTOP-RP61NQ22" failures="0" tests="2" name="com.TestNg.ExampleTest" time="0.001" errors="0" timestamp="2023-09-27T09:58:51 IST" skipped="0">
  <testcase classname="com.TestNg.ExampleTest" name="example1" time="0.000"/>
  <system-out/>
  <testcase classname="com.TestNg.ExampleTest" name="example3" time="0.001"/>
  <system-out/>
</testsuite> <!-- com.TestNg.ExampleTest -->
