<?xml version="1.0" encoding="UTF-8"?>
<!-- Generated by org.testng.reporters.JUnitReportReporter -->
<testsuite hostname="LAPTOP-RP61NQ22" failures="0" tests="4" name="com.TestNg.DataProviderTest" time="0.015" errors="0" timestamp="2023-09-15T15:21:00 IST" skipped="0">
  <testcase classname="com.TestNg.DataProviderTest" name="executeBike" time="0.010"/>
  <system-out/>
  <testcase classname="com.TestNg.DataProviderTest" name="executeBike" time="0.004"/>
  <system-out/>
  <testcase classname="com.TestNg.DataProviderTest" name="executeBike" time="0.001"/>
  <system-out/>
  <testcase classname="com.TestNg.DataProviderTest" name="executeBike" time="0.000"/>
  <system-out/>
</testsuite> <!-- com.TestNg.DataProviderTest -->
