<?xml version="1.0" encoding="UTF-8"?>
<!-- Generated by org.testng.reporters.JUnitReportReporter -->
<testsuite hostname="LAPTOP-RP61NQ22" failures="0" tests="1" name="com.Restaurant_Module.AddRestaurantViewInDashboardPomTest" time="7.320" errors="0" timestamp="2023-09-20T16:41:32 IST" skipped="0">
  <testcase classname="com.Restaurant_Module.AddRestaurantViewInDashboardPomTest" name="AddRestaurantViewInDashboard" time="7.320"/>
  <system-out/>
</testsuite> <!-- com.Restaurant_Module.AddRestaurantViewInDashboardPomTest -->
