<?xml version="1.0" encoding="UTF-8"?>
<!-- Generated by org.testng.reporters.JUnitReportReporter -->
<testsuite hostname="LAPTOP-RP61NQ22" failures="0" tests="1" name="com.Menu_Module.DeleteMenuPomTest" time="8.374" errors="0" timestamp="2023-09-20T17:40:45 IST" skipped="0">
  <testcase classname="com.Menu_Module.DeleteMenuPomTest" name="DeleteMenu" time="8.374"/>
  <system-out/>
</testsuite> <!-- com.Menu_Module.DeleteMenuPomTest -->
