<?xml version="1.0" encoding="UTF-8"?>
<!-- Generated by org.testng.reporters.JUnitReportReporter -->
<testsuite hostname="LAPTOP-RP61NQ22" failures="0" tests="1" name="com.practice.ExecuteAppFromCmdTest" time="4.908" errors="0" timestamp="2023-09-06T13:09:47 IST" skipped="0">
  <testcase classname="com.practice.ExecuteAppFromCmdTest" name="excecuteAppCmd" time="4.908"/>
  <system-out/>
</testsuite> <!-- com.practice.ExecuteAppFromCmdTest -->
