<?xml version="1.0" encoding="UTF-8"?>
<!-- Generated by org.testng.reporters.JUnitReportReporter -->
<testsuite hostname="LAPTOP-RP61NQ22" failures="0" tests="3" name="com.TestNg.DemoTest" time="0.004" errors="0" timestamp="2023-09-27T09:58:51 IST" skipped="0">
  <testcase classname="com.TestNg.DemoTest" name="demo2" time="0.000"/>
  <system-out/>
  <testcase classname="com.TestNg.DemoTest" name="demo1" time="0.002"/>
  <system-out/>
  <testcase classname="com.TestNg.DemoTest" name="demo3" time="0.002"/>
  <system-out/>
</testsuite> <!-- com.TestNg.DemoTest -->
