<?xml version="1.0" encoding="UTF-8"?>
<!-- Generated by org.testng.reporters.JUnitReportReporter -->
<testsuite hostname="LAPTOP-RP61NQ22" failures="0" tests="6" name="com.TestNg.DPExecutionTest" time="0.010" errors="0" timestamp="2023-09-15T15:17:01 IST" skipped="0">
  <testcase classname="com.TestNg.DPExecutionTest" name="executeBike" time="0.002"/>
  <system-out/>
  <testcase classname="com.TestNg.DPExecutionTest" name="executeBike" time="0.000"/>
  <system-out/>
  <testcase classname="com.TestNg.DPExecutionTest" name="executeBike" time="0.001"/>
  <system-out/>
  <testcase classname="com.TestNg.DPExecutionTest" name="executeBike" time="0.001"/>
  <system-out/>
  <testcase classname="com.TestNg.DPExecutionTest" name="executeBike" time="0.001"/>
  <system-out/>
  <testcase classname="com.TestNg.DPExecutionTest" name="executeBike" time="0.005"/>
  <system-out/>
</testsuite> <!-- com.TestNg.DPExecutionTest -->
